<?xml version="1.0" encoding="UTF-8"?>
<testng-results ignored="0" total="1" passed="1" failed="0" skipped="0">
  <reporter-output>
  </reporter-output>
  <suite started-at="2022-08-05T12:24:11 GMT+05:30" name="Surefire suite" finished-at="2022-08-05T12:24:12 GMT+05:30" duration-ms="102">
    <groups>
    </groups>
    <test started-at="2022-08-05T12:24:11 GMT+05:30" name="Surefire test" finished-at="2022-08-05T12:24:12 GMT+05:30" duration-ms="102">
      <class name="Employee_Milestone2.Employee_Milestone2_Artifact.AppTest">
        <test-method signature="shouldAnswerWithTrue()" started-at="2022-08-05T12:24:11 GMT+05:30" name="shouldAnswerWithTrue" finished-at="2022-08-05T12:24:12 GMT+05:30" duration-ms="19" status="PASS">
          <reporter-output>
          </reporter-output>
        </test-method> <!-- shouldAnswerWithTrue -->
      </class> <!-- Employee_Milestone2.Employee_Milestone2_Artifact.AppTest -->
    </test> <!-- Surefire test -->
  </suite> <!-- Surefire suite -->
</testng-results>
